 
****************************************
Report : clocks
Design : System_Top
Version: K-2015.06
Date   : Mon Aug 19 03:34:03 2024
****************************************

Attributes:
    d - dont_touch_network
    f - fix_hold
    p - propagated_clock
    G - generated_clock
    g - lib_generated_clock

Clock          Period   Waveform            Attrs     Sources
--------------------------------------------------------------------------------
ALU_CLK         20.00   {0 10}              G d       {CLK_GATE/GATED_CLK}
REF_CLK         20.00   {0 10}              d         {REF_CLK}
RX_CLK         271.27   {0 135.634}         G d       {RX_CLK_DIV/o_div_clk}
SCAN_CLK       100.00   {0 50}                        {scan_clk}
TX_CLK        8680.56   {0 4340.28}         G d       {TX_CLK_DIV/o_div_clk}
UART_CLK       271.27   {0 135.634}         d         {UART_CLK}
--------------------------------------------------------------------------------

Generated     Master         Generated      Master         Waveform
Clock         Source         Source         Clock          Modification
--------------------------------------------------------------------------------
ALU_CLK       REF_CLK        {CLK_GATE/GATED_CLK}
                                            REF_CLK        divide_by(1)
RX_CLK        UART_CLK       {RX_CLK_DIV/o_div_clk}
                                            UART_CLK       divide_by(1)
TX_CLK        UART_CLK       {TX_CLK_DIV/o_div_clk}
                                            UART_CLK       divide_by(32)
--------------------------------------------------------------------------------
1
